<?xml version="1.0" encoding="UTF-8"?>
<testsuite name="GrassFieldTest" tests="4" skipped="0" failures="0" errors="0" timestamp="2021-12-05T16:32:29" hostname="DESKTOP-ARRLIK4" time="0.03">
  <properties/>
  <testcase name="testPlace()" classname="GrassFieldTest" time="0.024"/>
  <testcase name="testIsOccupied()" classname="GrassFieldTest" time="0.001"/>
  <testcase name="testCanMoveTo()" classname="GrassFieldTest" time="0.001"/>
  <testcase name="testObjectAt()" classname="GrassFieldTest" time="0.002"/>
  <system-out><![CDATA[]]></system-out>
  <system-err><![CDATA[]]></system-err>
</testsuite>
