<?xml version="1.0" encoding="UTF-8"?>
<testsuite name="OptionsParserTest" tests="1" skipped="0" failures="0" errors="0" timestamp="2021-10-31T19:21:55" hostname="DESKTOP-ARRLIK4" time="0.018">
  <properties/>
  <testcase name="testParse()" classname="OptionsParserTest" time="0.018"/>
  <system-out><![CDATA[]]></system-out>
  <system-err><![CDATA[]]></system-err>
</testsuite>
