<?xml version="1.0" encoding="UTF-8"?>
<testsuite name="SimulationEngineTest" tests="1" skipped="0" failures="0" errors="0" timestamp="2021-11-28T21:02:01" hostname="DESKTOP-ARRLIK4" time="0.072">
  <properties/>
  <testcase name="testRun()" classname="SimulationEngineTest" time="0.072"/>
  <system-out><![CDATA[ y\x  0 1 2 3 4 5 6 7 8 9
  5: ---------------------
  4: | | | |^| | | | | | |
  3: | | | | | | | | | | |
  2: | | |^| | | | | | | |
  1: | | | | | | | | | | |
  0: | | | | | | | | | | |
 -1: ---------------------

 y\x  0 1 2 3 4 5 6 7 8 9
  5: ---------------------
  4: | | | |^| | | | | | |
  3: | | |^| | | | | | | |
  2: | | | | | | | | | | |
  1: | | | | | | | | | | |
  0: | | | | | | | | | | |
 -1: ---------------------

 y\x  0 1 2 3 4 5 6 7 8 9
  5: ---------------------
  4: | | | | | | | | | | |
  3: | | |^|^| | | | | | |
  2: | | | | | | | | | | |
  1: | | | | | | | | | | |
  0: | | | | | | | | | | |
 -1: ---------------------

 y\x  0 1 2 3 4 5 6 7 8 9
  5: ---------------------
  4: | | | | | | | | | | |
  3: | | |>|^| | | | | | |
  2: | | | | | | | | | | |
  1: | | | | | | | | | | |
  0: | | | | | | | | | | |
 -1: ---------------------

 y\x  0 1 2 3 4 5 6 7 8 9
  5: ---------------------
  4: | | | | | | | | | | |
  3: | | |>|<| | | | | | |
  2: | | | | | | | | | | |
  1: | | | | | | | | | | |
  0: | | | | | | | | | | |
 -1: ---------------------

 y\x  0 1 2 3 4 5 6 7 8 9
  5: ---------------------
  4: | | | | | | | | | | |
  3: | | |>|<| | | | | | |
  2: | | | | | | | | | | |
  1: | | | | | | | | | | |
  0: | | | | | | | | | | |
 -1: ---------------------

 y\x  0 1 2 3 4 5 6 7 8 9
  5: ---------------------
  4: | | | | | | | | | | |
  3: | | |>|<| | | | | | |
  2: | | | | | | | | | | |
  1: | | | | | | | | | | |
  0: | | | | | | | | | | |
 -1: ---------------------

 y\x  0 1 2 3 4 5 6 7 8 9
  5: ---------------------
  4: | | | | | | | | | | |
  3: | | |v|<| | | | | | |
  2: | | | | | | | | | | |
  1: | | | | | | | | | | |
  0: | | | | | | | | | | |
 -1: ---------------------

 y\x  0 1 2 3 4 5 6 7 8 9
  5: ---------------------
  4: | | | | | | | | | | |
  3: | | |v|^| | | | | | |
  2: | | | | | | | | | | |
  1: | | | | | | | | | | |
  0: | | | | | | | | | | |
 -1: ---------------------

 y\x  0 1 2 3 4 5 6 7 8 9
  5: ---------------------
  4: | | | | | | | | | | |
  3: | | | |^| | | | | | |
  2: | | |v| | | | | | | |
  1: | | | | | | | | | | |
  0: | | | | | | | | | | |
 -1: ---------------------

 y\x  0 1 2 3 4 5 6 7 8 9
  5: ---------------------
  4: | | | |^| | | | | | |
  3: | | | | | | | | | | |
  2: | | |v| | | | | | | |
  1: | | | | | | | | | | |
  0: | | | | | | | | | | |
 -1: ---------------------

 y\x  0 1 2 3 4 5 6 7 8 9
  5: ---------------------
  4: | | | |^| | | | | | |
  3: | | | | | | | | | | |
  2: | | | | | | | | | | |
  1: | | |v| | | | | | | |
  0: | | | | | | | | | | |
 -1: ---------------------

 y\x  0 1 2 3 4 5 6 7 8 9
  5: ---------------------
  4: | | | |^| | | | | | |
  3: | | | | | | | | | | |
  2: | | | | | | | | | | |
  1: | | |v| | | | | | | |
  0: | | | | | | | | | | |
 -1: ---------------------

 y\x  0 1 2 3 4 5 6 7 8 9
  5: ---------------------
  4: | | | |^| | | | | | |
  3: | | | | | | | | | | |
  2: | | | | | | | | | | |
  1: | | | | | | | | | | |
  0: | | |v| | | | | | | |
 -1: ---------------------

 y\x  0 1 2 3 4 5 6 7 8 9
  5: ---------------------
  4: | | | |^| | | | | | |
  3: | | | | | | | | | | |
  2: | | | | | | | | | | |
  1: | | | | | | | | | | |
  0: | | |v| | | | | | | |
 -1: ---------------------

 y\x  0 1 2 3 4 5 6 7 8 9
  5: ---------------------
  4: | | | |^| | | | | | |
  3: | | | | | | | | | | |
  2: | | | | | | | | | | |
  1: | | | | | | | | | | |
  0: | | |v| | | | | | | |
 -1: ---------------------

 y\x  0 1 2 3 4 5 6 7 8 9
  5: ---------------------
  4: | | | |^| | | | | | |
  3: | | | | | | | | | | |
  2: | | | | | | | | | | |
  1: | | | | | | | | | | |
  0: | | |v| | | | | | | |
 -1: ---------------------

Done
 y\x  0 1 2
  3: -------
  2: |^| | |
  1: | |^| |
  0: | | |^|
 -1: -------

 y\x  0 1 2
  3: -------
  2: |^| | |
  1: | |^| |
  0: | | |^|
 -1: -------

 y\x  0 1 2
  3: -------
  2: |^|^| |
  1: | | | |
  0: | | |^|
 -1: -------

 y\x  0 1 2
  3: -------
  2: |^|^| |
  1: | | |^|
  0: | | | |
 -1: -------

 y\x  0 1 2
  3: -------
  2: |^|^| |
  1: | | |^|
  0: | | | |
 -1: -------

 y\x  0 1 2
  3: -------
  2: |^|^| |
  1: | | |^|
  0: | | | |
 -1: -------

 y\x  0 1 2
  3: -------
  2: |^|^| |
  1: | | |<|
  0: | | | |
 -1: -------

 y\x  0 1 2
  3: -------
  2: | |^| |
  1: |^| |<|
  0: | | | |
 -1: -------

 y\x  0 1 2
  3: -------
  2: | | | |
  1: |^|^|<|
  0: | | | |
 -1: -------

 y\x  0 1 2
  3: -------
  2: | | | |
  1: |^|^|<|
  0: | | | |
 -1: -------

Done
 y\x  0 1 2 3
  4: ---------
  3: | | | |^|
  2: |^| | | |
  1: | | | | |
  0: | |^| | |
 -1: ---------

 y\x  0 1 2 3
  4: ---------
  3: | | | |^|
  2: |>| | | |
  1: | | | | |
  0: | |^| | |
 -1: ---------

 y\x  0 1 2 3
  4: ---------
  3: | | | |^|
  2: |>| | | |
  1: | | | | |
  0: | |>| | |
 -1: ---------

 y\x  0 1 2 3
  4: ---------
  3: | | | |<|
  2: |>| | | |
  1: | | | | |
  0: | |>| | |
 -1: ---------

 y\x  0 1 2 3
  4: ---------
  3: | | | |<|
  2: | |>| | |
  1: | | | | |
  0: | |>| | |
 -1: ---------

 y\x  0 1 2 3
  4: ---------
  3: | | | |<|
  2: | |>| | |
  1: | | | | |
  0: | | |>| |
 -1: ---------

 y\x  0 1 2 3
  4: ---------
  3: | | |<| |
  2: | |>| | |
  1: | | | | |
  0: | | |>| |
 -1: ---------

 y\x  0 1 2 3
  4: ---------
  3: | | |<| |
  2: | | |>| |
  1: | | | | |
  0: | | |>| |
 -1: ---------

Done
]]></system-out>
  <system-err><![CDATA[]]></system-err>
</testsuite>
