<?xml version="1.0" encoding="UTF-8"?>
<testsuite name="GrassFieldTest" tests="4" skipped="0" failures="0" errors="0" timestamp="2021-11-21T18:48:51" hostname="DESKTOP-ARRLIK4" time="0.026">
  <properties/>
  <testcase name="testPlace()" classname="GrassFieldTest" time="0.02"/>
  <testcase name="testIsOccupied()" classname="GrassFieldTest" time="0.0"/>
  <testcase name="testCanMoveTo()" classname="GrassFieldTest" time="0.001"/>
  <testcase name="testObjectAt()" classname="GrassFieldTest" time="0.003"/>
  <system-out><![CDATA[]]></system-out>
  <system-err><![CDATA[]]></system-err>
</testsuite>
